#-----------------------------------------------------------
# Vivado v2016.3 (64-bit)
# SW Build 1682563 on Mon Oct 10 19:07:27 MDT 2016
# IP Build 1681267 on Mon Oct 10 21:28:31 MDT 2016
# Start of session at: Sun Dec 25 16:10:28 2016
# Process ID: 3756
# Current directory: C:/Users/furkanerdem/Desktop/SnakeProject
# Command line: vivado.exe -gui_launcher_event rodinguilauncherevent5392 C:\Users\furkanerdem\Desktop\SnakeProject\SnakeProject.xpr
# Log file: C:/Users/furkanerdem/Desktop/SnakeProject/vivado.log
# Journal file: C:/Users/furkanerdem/Desktop/SnakeProject\vivado.jou
#-----------------------------------------------------------
start_gui
open_project C:/Users/furkanerdem/Desktop/SnakeProject/SnakeProject.xpr
Scanning sources...
Finished scanning sources
WARNING: [filemgmt 56-3] IP Output Repository Path: Could not find the directory 'C:/Users/furkanerdem/Desktop/SnakeProject/SnakeProject.cache/ip'.
INFO: [IP_Flow 19-234] Refreshing IP repositories
INFO: [IP_Flow 19-1704] No user IP repositories specified
INFO: [IP_Flow 19-2313] Loaded Vivado IP repository 'C:/Xilinx/Vivado/2016.3/data/ip'.
open_project: Time (s): cpu = 00:00:16 ; elapsed = 00:00:10 . Memory (MB): peak = 736.422 ; gain = 98.203
close [ open C:/Users/furkanerdem/Desktop/SnakeProject/SnakeProject.srcs/sources_1/new/eat_food.sv w ]
add_files C:/Users/furkanerdem/Desktop/SnakeProject/SnakeProject.srcs/sources_1/new/eat_food.sv
close [ open C:/Users/furkanerdem/Desktop/SnakeProject/SnakeProject.srcs/sources_1/new/game_over.sv w ]
add_files C:/Users/furkanerdem/Desktop/SnakeProject/SnakeProject.srcs/sources_1/new/game_over.sv
close [ open C:/Users/furkanerdem/Desktop/SnakeProject/SnakeProject.srcs/sources_1/new/generate_food.sv w ]
add_files C:/Users/furkanerdem/Desktop/SnakeProject/SnakeProject.srcs/sources_1/new/generate_food.sv
update_compile_order -fileset sources_1
exit
INFO: [Common 17-206] Exiting Vivado at Sun Dec 25 18:18:15 2016...
